<?xml version="1.0" encoding="UTF-8"?>
<testsuite xmlns:xsi="http://www.w3.org/2001/XMLSchema-instance" xsi:noNamespaceSchemaLocation="https://maven.apache.org/surefire/maven-surefire-plugin/xsd/surefire-test-report-3.0.xsd" version="3.0" name="com.sistemabancario.model.ContaTest" time="0.5" tests="12" errors="0" skipped="0" failures="0">
  <properties>
[...]
</properties>
  <testcase name="setNumeroNulo" classname="com.sistemabancario.model.ContaTest" time="0.204"/>
  <testcase name="setLimiteContaEspecial" classname="com.sistemabancario.model.ContaTest" time="0.007"/>
  <testcase name="depositoDinheiroValorAtribuido" classname="com.sistemabancario.model.ContaTest" time="0.005"/>
  <testcase name="getSaldoTotal" classname="com.sistemabancario.model.ContaTest" time="0.006"/>
  <testcase name="historicoNotNull" classname="com.sistemabancario.model.ContaTest" time="0.007"/>
  <testcase name="setLimiteContaNaoEspecial" classname="com.sistemabancario.model.ContaTest" time="0.012"/>
  <testcase name="setNumeroValido" classname="com.sistemabancario.model.ContaTest" time="0.011"/>
  <testcase name="depositoDinheiroTipoMovimentacao" classname="com.sistemabancario.model.ContaTest" time="0.004"/>
  <testcase name="instanciaPadraoPouponca" classname="com.sistemabancario.model.ContaTest" time="0.005"/>
  <testcase name="depositoDinheiro" classname="com.sistemabancario.model.ContaTest" time="0.004"/>
  <testcase name="depositoDinheiroMovimentacaoConfirmada" classname="com.sistemabancario.model.ContaTest" time="0.007"/>
  <testcase name="setNumeroInvalidoNaoArmazena" classname="com.sistemabancario.model.ContaTest" time="0.005"/>
</testsuite>